<?xml version="1.0" encoding="UTF-8"?>
<testng-results ignored="0" total="1" passed="1" failed="0" skipped="0">
  <reporter-output>
  </reporter-output>
  <suite started-at="2025-08-10T15:31:51 IST" name="Surefire suite" finished-at="2025-08-10T15:31:55 IST" duration-ms="4040">
    <groups>
    </groups>
    <test started-at="2025-08-10T15:31:51 IST" name="Surefire test" finished-at="2025-08-10T15:31:55 IST" duration-ms="4040">
      <class name="tests.E2ETest">
        <test-method is-config="true" signature="setup()[pri:0, instance:tests.E2ETest@6ab7a896]" started-at="2025-08-10T15:31:51 IST" name="setup" finished-at="2025-08-10T15:31:55 IST" duration-ms="3563" status="PASS">
          <reporter-output>
          </reporter-output>
        </test-method> <!-- setup -->
        <test-method signature="testE2ECheckoutFlow()[pri:0, instance:tests.E2ETest@6ab7a896]" started-at="2025-08-10T15:31:55 IST" name="testE2ECheckoutFlow" finished-at="2025-08-10T15:31:55 IST" duration-ms="374" status="PASS">
          <reporter-output>
          </reporter-output>
        </test-method> <!-- testE2ECheckoutFlow -->
        <test-method is-config="true" signature="tearDown()[pri:0, instance:tests.E2ETest@6ab7a896]" started-at="2025-08-10T15:31:55 IST" name="tearDown" finished-at="2025-08-10T15:31:55 IST" duration-ms="89" status="PASS">
          <reporter-output>
          </reporter-output>
        </test-method> <!-- tearDown -->
      </class> <!-- tests.E2ETest -->
    </test> <!-- Surefire test -->
  </suite> <!-- Surefire suite -->
</testng-results>
