<?xml version="1.0" encoding="UTF-8"?>
<testng-results ignored="0" total="1" passed="1" failed="0" skipped="0">
  <reporter-output>
  </reporter-output>
  <suite started-at="2025-08-10T16:13:36 IST" name="Default suite" finished-at="2025-08-10T16:13:44 IST" duration-ms="8039">
    <groups>
    </groups>
    <test started-at="2025-08-10T16:13:36 IST" name="Default test" finished-at="2025-08-10T16:13:44 IST" duration-ms="8039">
      <class name="tests.E2ETest">
        <test-method is-config="true" signature="setup()[pri:0, instance:tests.E2ETest@4a22f9e2]" started-at="2025-08-10T16:13:36 IST" name="setup" finished-at="2025-08-10T16:13:37 IST" duration-ms="1293" status="PASS">
          <reporter-output>
          </reporter-output>
        </test-method> <!-- setup -->
        <test-method signature="testE2ECheckoutFlow()[pri:0, instance:tests.E2ETest@4a22f9e2]" started-at="2025-08-10T16:13:37 IST" name="testE2ECheckoutFlow" finished-at="2025-08-10T16:13:44 IST" duration-ms="6644" status="PASS">
          <reporter-output>
          </reporter-output>
        </test-method> <!-- testE2ECheckoutFlow -->
        <test-method is-config="true" signature="tearDown()[pri:0, instance:tests.E2ETest@4a22f9e2]" started-at="2025-08-10T16:13:44 IST" name="tearDown" finished-at="2025-08-10T16:13:44 IST" duration-ms="89" status="PASS">
          <reporter-output>
          </reporter-output>
        </test-method> <!-- tearDown -->
      </class> <!-- tests.E2ETest -->
    </test> <!-- Default test -->
  </suite> <!-- Default suite -->
</testng-results>
